{
  "RSpec": {
    "coverage": {
      "/Users/soumyaray/Sync/Dropbox/ossdev/classes/SOA-class/soa2020/codepraise_demo/init.rb": {
        "lines": [
          null,
          null,
          1,
          2,
          null
        ]
      },
      "/Users/soumyaray/Sync/Dropbox/ossdev/classes/SOA-class/soa2020/codepraise_demo/config/init.rb": {
        "lines": [
          null,
          null,
          1
        ]
      },
      "/Users/soumyaray/Sync/Dropbox/ossdev/classes/SOA-class/soa2020/codepraise_demo/config/environment.rb": {
        "lines": [
          null,
          null,
          1,
          1,
          null,
          1,
          null,
          1,
          1,
          null,
          1,
          1,
          1,
          null,
          1,
          1,
          null,
          null,
          1,
          null,
          null,
          null,
          1,
          1,
          1,
          null,
          1,
          6,
          null,
          null,
          null,
          null
        ]
      },
      "/Users/soumyaray/Sync/Dropbox/ossdev/classes/SOA-class/soa2020/codepraise_demo/app/init.rb": {
        "lines": [
          null,
          null,
          1,
          1,
          3,
          null
        ]
      },
      "/Users/soumyaray/Sync/Dropbox/ossdev/classes/SOA-class/soa2020/codepraise_demo/app/domain/init.rb": {
        "lines": [
          null,
          null,
          1,
          1,
          2,
          null
        ]
      },
      "/Users/soumyaray/Sync/Dropbox/ossdev/classes/SOA-class/soa2020/codepraise_demo/app/domain/projects/init.rb": {
        "lines": [
          null,
          null,
          1,
          1,
          3,
          null
        ]
      },
      "/Users/soumyaray/Sync/Dropbox/ossdev/classes/SOA-class/soa2020/codepraise_demo/app/domain/projects/entities/init.rb": {
        "lines": [
          null,
          null,
          1,
          3,
          null
        ]
      },
      "/Users/soumyaray/Sync/Dropbox/ossdev/classes/SOA-class/soa2020/codepraise_demo/app/domain/projects/entities/member.rb": {
        "lines": [
          null,
          null,
          1,
          1,
          null,
          1,
          1,
          null,
          1,
          1,
          null,
          1,
          1,
          1,
          1,
          null,
          1,
          60,
          null,
          null,
          null,
          null
        ]
      },
      "/Users/soumyaray/Sync/Dropbox/ossdev/classes/SOA-class/soa2020/codepraise_demo/app/domain/projects/entities/project.rb": {
        "lines": [
          null,
          null,
          1,
          1,
          1,
          null,
          1,
          1,
          null,
          1,
          1,
          null,
          1,
          null,
          1,
          1,
          1,
          1,
          1,
          1,
          1,
          1,
          null,
          1,
          27,
          null,
          null,
          1,
          0,
          null,
          null,
          null,
          null
        ]
      },
      "/Users/soumyaray/Sync/Dropbox/ossdev/classes/SOA-class/soa2020/codepraise_demo/app/domain/projects/repositories/init.rb": {
        "lines": [
          null,
          null,
          1,
          4,
          null
        ]
      },
      "/Users/soumyaray/Sync/Dropbox/ossdev/classes/SOA-class/soa2020/codepraise_demo/app/domain/projects/repositories/for.rb": {
        "lines": [
          null,
          null,
          1,
          1,
          null,
          1,
          1,
          null,
          1,
          null,
          1,
          null,
          null,
          null,
          1,
          0,
          null,
          null,
          1,
          3,
          null,
          null,
          null,
          null
        ]
      },
      "/Users/soumyaray/Sync/Dropbox/ossdev/classes/SOA-class/soa2020/codepraise_demo/app/domain/projects/repositories/members.rb": {
        "lines": [
          null,
          null,
          1,
          1,
          null,
          1,
          1,
          0,
          null,
          null,
          1,
          0,
          null,
          null,
          1,
          12,
          null,
          12,
          null,
          null,
          null,
          null,
          null,
          null,
          null,
          1,
          3,
          9,
          null,
          null,
          null,
          1,
          12,
          null,
          null,
          null,
          null
        ]
      },
      "/Users/soumyaray/Sync/Dropbox/ossdev/classes/SOA-class/soa2020/codepraise_demo/app/domain/projects/repositories/projects.rb": {
        "lines": [
          null,
          null,
          1,
          null,
          1,
          1,
          null,
          1,
          1,
          0,
          null,
          null,
          1,
          null,
          null,
          null,
          0,
          null,
          null,
          null,
          0,
          null,
          null,
          1,
          3,
          null,
          null,
          1,
          0,
          0,
          null,
          null,
          1,
          3,
          3,
          null,
          null,
          1,
          3,
          null,
          3,
          3,
          null,
          null,
          1,
          null,
          1,
          6,
          null,
          3,
          null,
          null,
          null,
          null,
          null,
          null,
          null,
          null,
          1,
          1,
          3,
          null,
          null,
          1,
          3,
          null,
          null,
          1,
          3,
          null,
          3,
          3,
          null,
          3,
          9,
          null,
          null,
          null,
          null,
          null,
          null,
          null
        ]
      },
      "/Users/soumyaray/Sync/Dropbox/ossdev/classes/SOA-class/soa2020/codepraise_demo/app/domain/projects/mappers/init.rb": {
        "lines": [
          null,
          null,
          1,
          3,
          null
        ]
      },
      "/Users/soumyaray/Sync/Dropbox/ossdev/classes/SOA-class/soa2020/codepraise_demo/app/domain/projects/mappers/member_mapper.rb": {
        "lines": [
          null,
          null,
          1,
          null,
          1,
          null,
          1,
          1,
          7,
          7,
          7,
          null,
          null,
          1,
          7,
          21,
          null,
          null,
          null,
          1,
          28,
          null,
          null,
          null,
          1,
          1,
          28,
          null,
          null,
          1,
          28,
          null,
          null,
          null,
          null,
          null,
          null,
          null,
          1,
          null,
          1,
          28,
          null,
          null,
          1,
          28,
          null,
          null,
          1,
          28,
          null,
          null,
          null,
          null,
          null
        ]
      },
      "/Users/soumyaray/Sync/Dropbox/ossdev/classes/SOA-class/soa2020/codepraise_demo/app/domain/projects/mappers/project_mapper.rb": {
        "lines": [
          null,
          null,
          1,
          null,
          1,
          1,
          null,
          1,
          1,
          9,
          9,
          9,
          null,
          null,
          1,
          9,
          7,
          null,
          null,
          1,
          7,
          null,
          null,
          null,
          1,
          1,
          7,
          7,
          null,
          null,
          null,
          null,
          1,
          7,
          null,
          null,
          null,
          null,
          null,
          null,
          null,
          null,
          null,
          null,
          null,
          1,
          7,
          null,
          null,
          1,
          7,
          null,
          null,
          1,
          7,
          null,
          null,
          1,
          7,
          null,
          null,
          1,
          7,
          null,
          null,
          1,
          7,
          null,
          null,
          1,
          7,
          null,
          null,
          null,
          null,
          null
        ]
      },
      "/Users/soumyaray/Sync/Dropbox/ossdev/classes/SOA-class/soa2020/codepraise_demo/app/domain/contributions/init.rb": {
        "lines": [
          null,
          null,
          1,
          1,
          5,
          null
        ]
      },
      "/Users/soumyaray/Sync/Dropbox/ossdev/classes/SOA-class/soa2020/codepraise_demo/app/domain/contributions/lib/init.rb": {
        "lines": [
          null,
          null,
          1,
          3,
          null
        ]
      },
      "/Users/soumyaray/Sync/Dropbox/ossdev/classes/SOA-class/soa2020/codepraise_demo/app/domain/contributions/lib/contributions_calculator.rb": {
        "lines": [
          null,
          null,
          1,
          1,
          null,
          1,
          1,
          0,
          null,
          null,
          1,
          0,
          null,
          null,
          1,
          0,
          null,
          null,
          1,
          0,
          null,
          null,
          1,
          0,
          null,
          null,
          null,
          null
        ]
      },
      "/Users/soumyaray/Sync/Dropbox/ossdev/classes/SOA-class/soa2020/codepraise_demo/app/domain/contributions/lib/types.rb": {
        "lines": [
          null,
          null,
          1,
          1,
          null,
          1,
          1,
          52,
          null,
          null,
          null,
          null,
          1,
          1,
          400,
          null,
          null,
          null,
          null
        ]
      },
      "/Users/soumyaray/Sync/Dropbox/ossdev/classes/SOA-class/soa2020/codepraise_demo/app/domain/contributions/values/init.rb": {
        "lines": [
          null,
          null,
          1,
          4,
          null
        ]
      },
      "/Users/soumyaray/Sync/Dropbox/ossdev/classes/SOA-class/soa2020/codepraise_demo/app/domain/contributions/values/code_language.rb": {
        "lines": [
          null,
          null,
          null,
          null,
          1,
          1,
          1,
          1,
          1,
          null,
          1,
          1,
          null,
          1,
          1730,
          null,
          null,
          1,
          0,
          null,
          null,
          1,
          1503,
          null,
          null,
          null,
          1,
          1,
          1,
          1,
          1,
          null,
          null,
          1,
          1,
          1,
          1,
          1,
          null,
          null,
          1,
          1,
          1,
          1,
          1,
          null,
          null,
          1,
          1,
          1,
          1,
          null,
          null,
          1,
          1,
          1,
          1,
          null,
          null,
          1,
          1,
          1,
          1,
          null,
          null,
          1,
          1,
          1,
          1,
          null,
          null,
          1,
          1,
          1,
          1,
          null,
          null,
          1,
          1,
          1,
          1,
          null,
          null,
          null,
          1,
          null,
          null,
          null,
          null,
          null,
          null,
          null,
          null,
          1,
          null,
          1,
          1857,
          null,
          null,
          null,
          null,
          null,
          null
        ]
      },
      "/Users/soumyaray/Sync/Dropbox/ossdev/classes/SOA-class/soa2020/codepraise_demo/app/domain/contributions/values/credit_share.rb": {
        "lines": [
          null,
          null,
          1,
          1,
          null,
          1,
          null,
          1,
          197,
          null,
          null,
          1,
          1503,
          null,
          null,
          1,
          122,
          null,
          324,
          null,
          null,
          null,
          1,
          8,
          3,
          null,
          null,
          1,
          3,
          null,
          null,
          1,
          244,
          null,
          null,
          null,
          null,
          null
        ]
      },
      "/Users/soumyaray/Sync/Dropbox/ossdev/classes/SOA-class/soa2020/codepraise_demo/app/domain/contributions/values/file_path.rb": {
        "lines": [
          null,
          null,
          1,
          null,
          1,
          1,
          null,
          1,
          null,
          1,
          null,
          1,
          null,
          1,
          130,
          130,
          null,
          null,
          1,
          1857,
          null,
          null,
          1,
          1857,
          null,
          null,
          1,
          null,
          68,
          null,
          68,
          68,
          null,
          null,
          1,
          130,
          null,
          130,
          130,
          130,
          null,
          null,
          null,
          null,
          null
        ]
      },
      "/Users/soumyaray/Sync/Dropbox/ossdev/classes/SOA-class/soa2020/codepraise_demo/app/domain/contributions/entities/init.rb": {
        "lines": [
          null,
          null,
          1,
          5,
          null
        ]
      },
      "/Users/soumyaray/Sync/Dropbox/ossdev/classes/SOA-class/soa2020/codepraise_demo/app/domain/contributions/entities/contributor.rb": {
        "lines": [
          null,
          null,
          1,
          1,
          null,
          1,
          1,
          null,
          1,
          1,
          null,
          1,
          1,
          null,
          null,
          1,
          3234,
          null,
          null,
          null,
          1,
          null,
          1,
          4648,
          null,
          null,
          null,
          null
        ]
      },
      "/Users/soumyaray/Sync/Dropbox/ossdev/classes/SOA-class/soa2020/codepraise_demo/app/domain/contributions/entities/file_contributions.rb": {
        "lines": [
          null,
          null,
          1,
          1,
          null,
          1,
          1,
          null,
          null,
          1,
          null,
          null,
          null,
          null,
          null,
          null,
          null,
          1,
          null,
          1,
          65,
          65,
          null,
          null,
          1,
          127,
          null,
          null,
          1,
          127,
          null,
          105,
          null,
          1503,
          null,
          null,
          null,
          1,
          0,
          null,
          null,
          1,
          127,
          null,
          null,
          1,
          127,
          null,
          null,
          null,
          null
        ]
      },
      "/Users/soumyaray/Sync/Dropbox/ossdev/classes/SOA-class/soa2020/codepraise_demo/app/domain/contributions/entities/folder_contributions.rb": {
        "lines": [
          null,
          null,
          1,
          1,
          null,
          1,
          1,
          null,
          1,
          null,
          1,
          18,
          18,
          18,
          null,
          83,
          34,
          null,
          null,
          1,
          0,
          null,
          null,
          1,
          0,
          null,
          null,
          1,
          40,
          133,
          null,
          null,
          null,
          1,
          23,
          null,
          18,
          null,
          68,
          68,
          null,
          null,
          18,
          16,
          null,
          null,
          null,
          1,
          11,
          null,
          null,
          1,
          0,
          null,
          null,
          1,
          201,
          null,
          null,
          1,
          18,
          null,
          null,
          null,
          null
        ]
      },
      "/Users/soumyaray/Sync/Dropbox/ossdev/classes/SOA-class/soa2020/codepraise_demo/app/domain/contributions/entities/line_contribution.rb": {
        "lines": [
          null,
          null,
          1,
          1,
          1,
          null,
          1,
          1,
          null,
          1,
          1,
          1,
          null,
          1,
          null,
          1,
          1730,
          1730,
          1730,
          1730,
          null,
          null,
          1,
          1503,
          null,
          null,
          null,
          null
        ]
      },
      "/Users/soumyaray/Sync/Dropbox/ossdev/classes/SOA-class/soa2020/codepraise_demo/app/domain/contributions/repositories/init.rb": {
        "lines": [
          null,
          null,
          1,
          2,
          null
        ]
      },
      "/Users/soumyaray/Sync/Dropbox/ossdev/classes/SOA-class/soa2020/codepraise_demo/app/domain/contributions/repositories/git_repo.rb": {
        "lines": [
          null,
          null,
          1,
          null,
          1,
          null,
          null,
          1,
          1,
          1,
          1,
          null,
          null,
          1,
          2,
          2,
          2,
          null,
          null,
          1,
          2,
          null,
          2,
          null,
          null,
          1,
          0,
          null,
          null,
          null,
          null,
          null,
          null,
          1,
          4,
          null,
          null,
          1,
          0,
          0,
          null,
          0,
          null,
          null,
          null
        ]
      },
      "/Users/soumyaray/Sync/Dropbox/ossdev/classes/SOA-class/soa2020/codepraise_demo/app/domain/contributions/mappers/init.rb": {
        "lines": [
          null,
          null,
          1,
          5,
          null
        ]
      },
      "/Users/soumyaray/Sync/Dropbox/ossdev/classes/SOA-class/soa2020/codepraise_demo/app/domain/contributions/mappers/contributions_mapper.rb": {
        "lines": [
          null,
          null,
          1,
          1,
          null,
          1,
          1,
          2,
          null,
          null,
          1,
          2,
          null,
          2,
          null,
          null,
          null,
          null,
          null,
          1,
          2,
          65,
          65,
          65,
          null,
          null,
          null,
          null,
          null
        ]
      },
      "/Users/soumyaray/Sync/Dropbox/ossdev/classes/SOA-class/soa2020/codepraise_demo/app/domain/contributions/mappers/file_contributions_mapper.rb": {
        "lines": [
          null,
          null,
          1,
          1,
          null,
          1,
          1,
          65,
          null,
          null,
          1,
          65,
          null,
          null,
          null,
          null,
          null,
          1,
          null,
          1,
          130,
          null,
          null,
          1,
          1730,
          null,
          null,
          1,
          65,
          null,
          null,
          1,
          65,
          1730,
          null,
          1730,
          null,
          null,
          null,
          null,
          null,
          null,
          null,
          null,
          1,
          1730,
          null,
          null,
          null,
          null,
          null,
          null,
          1,
          1730,
          null,
          null,
          null,
          1,
          1730,
          null,
          null,
          null,
          1,
          1730,
          null,
          null,
          null,
          null
        ]
      },
      "/Users/soumyaray/Sync/Dropbox/ossdev/classes/SOA-class/soa2020/codepraise_demo/app/domain/contributions/mappers/folder_contributions_mapper.rb": {
        "lines": [
          null,
          null,
          1,
          null,
          1,
          1,
          null,
          1,
          1,
          1,
          null,
          1,
          2,
          2,
          null,
          null,
          1,
          2,
          null,
          null,
          null,
          null,
          null,
          1,
          2,
          65,
          null,
          null,
          null,
          null,
          null,
          1,
          0,
          0,
          null,
          null,
          0,
          0,
          null,
          null,
          null,
          1,
          0,
          0,
          0,
          null,
          null,
          null,
          1,
          null,
          1,
          0,
          null,
          null,
          1,
          0,
          0,
          0,
          0,
          0,
          null,
          null,
          null,
          null,
          1,
          0,
          0,
          null,
          null,
          1,
          0,
          0,
          0,
          null,
          null,
          1,
          0,
          0,
          0,
          null,
          null,
          null,
          null
        ]
      },
      "/Users/soumyaray/Sync/Dropbox/ossdev/classes/SOA-class/soa2020/codepraise_demo/app/domain/contributions/mappers/porcelain_parser.rb": {
        "lines": [
          null,
          null,
          1,
          1,
          null,
          1,
          1,
          1,
          null,
          1,
          65,
          1730,
          null,
          null,
          1,
          65,
          65,
          null,
          0,
          0,
          null,
          null,
          1,
          1730,
          null,
          1730,
          null,
          null,
          null,
          1730,
          18354,
          18354,
          null,
          null,
          1730,
          null,
          null,
          1,
          1730,
          1730,
          1730,
          null,
          null,
          1,
          18354,
          null,
          null,
          null,
          null
        ]
      },
      "/Users/soumyaray/Sync/Dropbox/ossdev/classes/SOA-class/soa2020/codepraise_demo/app/infrastructure/init.rb": {
        "lines": [
          null,
          null,
          1,
          1,
          3,
          null
        ]
      },
      "/Users/soumyaray/Sync/Dropbox/ossdev/classes/SOA-class/soa2020/codepraise_demo/app/infrastructure/github/init.rb": {
        "lines": [
          null,
          null,
          1,
          2,
          null
        ]
      },
      "/Users/soumyaray/Sync/Dropbox/ossdev/classes/SOA-class/soa2020/codepraise_demo/app/infrastructure/github/github_api.rb": {
        "lines": [
          null,
          null,
          1,
          null,
          1,
          1,
          null,
          1,
          1,
          16,
          null,
          null,
          1,
          9,
          null,
          null,
          1,
          7,
          null,
          null,
          null,
          1,
          1,
          null,
          1,
          16,
          null,
          null,
          1,
          9,
          null,
          null,
          1,
          16,
          null,
          null,
          null,
          null,
          16,
          16,
          null,
          null,
          null,
          null,
          null,
          1,
          1,
          1,
          null,
          null,
          1,
          null,
          null,
          null,
          1,
          16,
          null,
          null,
          1,
          2,
          null,
          null,
          null,
          null,
          null
        ]
      },
      "/Users/soumyaray/Sync/Dropbox/ossdev/classes/SOA-class/soa2020/codepraise_demo/app/infrastructure/database/init.rb": {
        "lines": [
          null,
          null,
          1,
          1,
          1,
          null
        ]
      },
      "/Users/soumyaray/Sync/Dropbox/ossdev/classes/SOA-class/soa2020/codepraise_demo/app/infrastructure/database/orms/init.rb": {
        "lines": [
          null,
          null,
          1,
          3,
          null
        ]
      },
      "/Users/soumyaray/Sync/Dropbox/ossdev/classes/SOA-class/soa2020/codepraise_demo/app/infrastructure/database/orms/member_orm.rb": {
        "lines": [
          null,
          null,
          1,
          null,
          1,
          1,
          null,
          1,
          1,
          null,
          null,
          null,
          1,
          null,
          null,
          null,
          null,
          1,
          null,
          1,
          12,
          null,
          null,
          null,
          null
        ]
      },
      "/Users/soumyaray/Sync/Dropbox/ossdev/classes/SOA-class/soa2020/codepraise_demo/app/infrastructure/database/orms/project_orm.rb": {
        "lines": [
          null,
          null,
          1,
          null,
          1,
          1,
          null,
          1,
          1,
          null,
          null,
          1,
          null,
          null,
          null,
          null,
          1,
          null,
          null,
          null
        ]
      },
      "/Users/soumyaray/Sync/Dropbox/ossdev/classes/SOA-class/soa2020/codepraise_demo/app/infrastructure/git/init.rb": {
        "lines": [
          null,
          null,
          1,
          6,
          null
        ]
      },
      "/Users/soumyaray/Sync/Dropbox/ossdev/classes/SOA-class/soa2020/codepraise_demo/app/infrastructure/git/blame_reporter.rb": {
        "lines": [
          null,
          null,
          1,
          null,
          1,
          1,
          null,
          1,
          1,
          2,
          null,
          null,
          1,
          2,
          126,
          2,
          2,
          65,
          null,
          null,
          null,
          null,
          1,
          0,
          null,
          null,
          1,
          0,
          null,
          null,
          1,
          0,
          null,
          null,
          1,
          65,
          null,
          null,
          null,
          null
        ]
      },
      "/Users/soumyaray/Sync/Dropbox/ossdev/classes/SOA-class/soa2020/codepraise_demo/app/infrastructure/git/git.rb": {
        "lines": [
          null,
          null,
          1,
          1,
          null,
          1,
          1,
          null,
          1,
          67,
          67,
          67,
          67,
          null,
          null,
          1,
          1,
          1,
          1,
          null,
          null,
          1,
          66,
          66,
          66,
          66,
          null,
          null,
          1,
          1,
          1,
          null,
          null,
          1,
          1,
          1,
          null,
          null,
          1,
          134,
          null,
          null,
          1,
          67,
          null,
          null,
          null,
          null,
          null,
          1,
          65,
          null,
          null,
          1,
          0,
          0,
          null,
          null,
          null,
          null,
          null
        ]
      },
      "/Users/soumyaray/Sync/Dropbox/ossdev/classes/SOA-class/soa2020/codepraise_demo/app/infrastructure/git/local_repo.rb": {
        "lines": [
          null,
          null,
          1,
          1,
          null,
          1,
          1,
          1,
          null,
          1,
          null,
          null,
          null,
          1,
          1,
          1,
          1,
          1,
          null,
          1,
          null,
          1,
          2,
          2,
          null,
          null,
          1,
          0,
          0,
          null,
          null,
          1,
          0,
          0,
          null,
          0,
          0,
          0,
          0,
          0,
          0,
          0,
          null,
          null,
          null,
          0,
          null,
          null,
          1,
          2,
          2,
          null,
          2,
          2,
          184,
          null,
          null,
          null,
          null,
          1,
          4,
          8,
          null,
          null,
          1,
          10,
          null,
          null,
          1,
          0,
          null,
          null,
          1,
          null,
          1,
          6,
          null,
          null,
          1,
          0,
          null,
          null,
          null,
          null
        ]
      },
      "/Users/soumyaray/Sync/Dropbox/ossdev/classes/SOA-class/soa2020/codepraise_demo/app/infrastructure/git/remote_repo.rb": {
        "lines": [
          null,
          null,
          1,
          null,
          1,
          1,
          null,
          null,
          null,
          null,
          null,
          null,
          1,
          1,
          null,
          1,
          2,
          null,
          null,
          1,
          2,
          null,
          null,
          1,
          0,
          null,
          null,
          null,
          0,
          null,
          null,
          null,
          null
        ]
      },
      "/Users/soumyaray/Sync/Dropbox/ossdev/classes/SOA-class/soa2020/codepraise_demo/app/infrastructure/git/repo_file.rb": {
        "lines": [
          null,
          null,
          1,
          1,
          null,
          1,
          1,
          null,
          1,
          65,
          null,
          null,
          1,
          65,
          null,
          null,
          null,
          null,
          null,
          null
        ]
      },
      "/Users/soumyaray/Sync/Dropbox/ossdev/classes/SOA-class/soa2020/codepraise_demo/app/controllers/init.rb": {
        "lines": [
          null,
          null,
          1,
          2,
          null
        ]
      },
      "/Users/soumyaray/Sync/Dropbox/ossdev/classes/SOA-class/soa2020/codepraise_demo/app/controllers/app.rb": {
        "lines": [
          null,
          null,
          1,
          1,
          null,
          1,
          null,
          1,
          1,
          1,
          null,
          1,
          null,
          1,
          0,
          null,
          null,
          0,
          0,
          0,
          null,
          null,
          0,
          0,
          null,
          0,
          0,
          0,
          0,
          0,
          null,
          null,
          0,
          null,
          null,
          null,
          null,
          0,
          null,
          null,
          0,
          null,
          null,
          null,
          0,
          null,
          0,
          0,
          0,
          null,
          null,
          0,
          null,
          null,
          null,
          0,
          0,
          null,
          null,
          0,
          null,
          null,
          null,
          0,
          null,
          null,
          null,
          null,
          null,
          null
        ]
      },
      "/Users/soumyaray/Sync/Dropbox/ossdev/classes/SOA-class/soa2020/codepraise_demo/spec/helpers/vcr_helper.rb": {
        "lines": [
          null,
          null,
          1,
          1,
          null,
          null,
          1,
          1,
          1,
          null,
          1,
          3,
          3,
          3,
          null,
          null,
          null,
          1,
          9,
          234,
          234,
          null,
          null,
          9,
          null,
          null,
          null,
          null,
          null,
          null,
          1,
          9,
          null,
          null
        ]
      },
      "/Users/soumyaray/Sync/Dropbox/ossdev/classes/SOA-class/soa2020/codepraise_demo/spec/helpers/database_helper.rb": {
        "lines": [
          null,
          null,
          1,
          null,
          null,
          1,
          1,
          2,
          2,
          2,
          null,
          null,
          1,
          3,
          3,
          3,
          null,
          null
        ]
      },
      "/Users/soumyaray/Sync/Dropbox/ossdev/classes/SOA-class/soa2020/codepraise_demo/spec/gateway_database_spec.rb": {
        "lines": [
          null,
          null,
          1,
          1,
          1,
          null,
          1,
          1,
          1,
          null,
          1,
          1,
          null,
          null,
          1,
          1,
          null,
          null,
          1,
          1,
          1,
          null,
          null,
          1,
          1,
          null,
          null,
          null,
          1,
          null,
          1,
          1,
          1,
          1,
          1,
          1,
          null,
          1,
          3,
          6,
          null,
          null,
          3,
          null,
          null,
          null,
          null,
          null
        ]
      },
      "/Users/soumyaray/Sync/Dropbox/ossdev/classes/SOA-class/soa2020/codepraise_demo/spec/gateway_git_spec.rb": {
        "lines": [
          null,
          null,
          1,
          null,
          1,
          1,
          null,
          1,
          1,
          1,
          null,
          null,
          null,
          null,
          null,
          1,
          null,
          null,
          1,
          1,
          null,
          null,
          null,
          1,
          null,
          null
        ]
      },
      "/Users/soumyaray/Sync/Dropbox/ossdev/classes/SOA-class/soa2020/codepraise_demo/spec/gateway_github_spec.rb": {
        "lines": [
          null,
          null,
          1,
          1,
          null,
          1,
          1,
          null,
          1,
          6,
          null,
          null,
          1,
          6,
          null,
          null,
          1,
          1,
          null,
          1,
          null,
          null,
          1,
          1,
          null,
          null,
          1,
          1,
          1,
          null,
          null,
          null,
          null,
          null,
          1,
          1,
          1,
          null,
          null,
          null,
          null,
          null,
          null,
          1,
          1,
          3,
          null,
          null,
          null,
          null,
          1,
          1,
          null,
          null,
          1,
          1,
          1,
          null,
          null,
          1,
          1,
          1,
          null,
          1,
          4,
          1,
          null,
          null,
          null
        ]
      }
    },
    "timestamp": 1605081055
  }
}
